[2025-05-12T13:35:52.094+0000] {manager.py:469} INFO - Processing files using up to 2 processes at a time 
[2025-05-12T13:35:52.096+0000] {manager.py:470} INFO - Process each file at most once every 30 seconds
[2025-05-12T13:35:52.097+0000] {manager.py:471} INFO - Checking for new files in /opt/airflow/dags every 300 seconds
[2025-05-12T13:35:52.099+0000] {manager.py:738} INFO - Searching for files in /opt/airflow/dags
[2025-05-12T13:35:52.106+0000] {manager.py:741} INFO - There are 0 files in /opt/airflow/dags
[2025-05-12T13:39:41.260+0000] {manager.py:451} INFO - Exiting gracefully upon receiving signal 15
[2025-05-12T13:40:07.830+0000] {manager.py:469} INFO - Processing files using up to 2 processes at a time 
[2025-05-12T13:40:07.833+0000] {manager.py:470} INFO - Process each file at most once every 30 seconds
[2025-05-12T13:40:07.834+0000] {manager.py:471} INFO - Checking for new files in /opt/airflow/dags every 300 seconds
[2025-05-12T13:40:07.836+0000] {manager.py:738} INFO - Searching for files in /opt/airflow/dags
[2025-05-12T13:40:07.844+0000] {manager.py:741} INFO - There are 0 files in /opt/airflow/dags
[2025-05-12T13:44:01.206+0000] {manager.py:451} INFO - Exiting gracefully upon receiving signal 15
[2025-05-12T13:45:06.937+0000] {manager.py:469} INFO - Processing files using up to 2 processes at a time 
[2025-05-12T13:45:06.939+0000] {manager.py:470} INFO - Process each file at most once every 30 seconds
[2025-05-12T13:45:06.940+0000] {manager.py:471} INFO - Checking for new files in /opt/airflow/dags every 300 seconds
[2025-05-12T13:45:06.942+0000] {manager.py:738} INFO - Searching for files in /opt/airflow/dags
[2025-05-12T13:45:06.951+0000] {manager.py:741} INFO - There are 0 files in /opt/airflow/dags
[2025-05-12T13:48:28.593+0000] {manager.py:451} INFO - Exiting gracefully upon receiving signal 15
[2025-05-12T13:49:44.340+0000] {manager.py:469} INFO - Processing files using up to 2 processes at a time 
[2025-05-12T13:49:44.341+0000] {manager.py:470} INFO - Process each file at most once every 30 seconds
[2025-05-12T13:49:44.343+0000] {manager.py:471} INFO - Checking for new files in /opt/airflow/dags every 300 seconds
[2025-05-12T13:49:44.344+0000] {manager.py:738} INFO - Searching for files in /opt/airflow/dags
[2025-05-12T13:49:44.349+0000] {manager.py:741} INFO - There are 0 files in /opt/airflow/dags
[2025-05-12T13:54:45.190+0000] {manager.py:738} INFO - Searching for files in /opt/airflow/dags
[2025-05-12T13:54:45.213+0000] {manager.py:741} INFO - There are 0 files in /opt/airflow/dags
[2025-05-12T13:59:46.027+0000] {manager.py:738} INFO - Searching for files in /opt/airflow/dags
[2025-05-12T13:59:46.049+0000] {manager.py:741} INFO - There are 1 files in /opt/airflow/dags
[2025-05-12T13:59:48.265+0000] {manager.py:879} INFO - 
================================================================================
DAG File Processing Stats

File Path                               PID    Runtime      # DAGs    # Errors  Last Runtime    Last Run
--------------------------------------  -----  ---------  --------  ----------  --------------  -------------------
/opt/airflow/dags/nasdaq_report_dag.py                           0           1  0.27s           2025-05-12T13:59:46
================================================================================
[2025-05-12T14:00:18.538+0000] {manager.py:879} INFO - 
================================================================================
DAG File Processing Stats

File Path                               PID    Runtime      # DAGs    # Errors  Last Runtime    Last Run
--------------------------------------  -----  ---------  --------  ----------  --------------  -------------------
/opt/airflow/dags/nasdaq_report_dag.py                           0           1  0.11s           2025-05-12T14:00:16
================================================================================
[2025-05-12T14:00:48.929+0000] {manager.py:879} INFO - 
================================================================================
DAG File Processing Stats

File Path                               PID    Runtime      # DAGs    # Errors  Last Runtime    Last Run
--------------------------------------  -----  ---------  --------  ----------  --------------  -------------------
/opt/airflow/dags/nasdaq_report_dag.py                           0           1  0.12s           2025-05-12T14:00:46
================================================================================
[2025-05-12T14:00:49.439+0000] {manager.py:451} INFO - Exiting gracefully upon receiving signal 15
[2025-05-12T14:01:54.259+0000] {manager.py:469} INFO - Processing files using up to 2 processes at a time 
[2025-05-12T14:01:54.262+0000] {manager.py:470} INFO - Process each file at most once every 30 seconds
[2025-05-12T14:01:54.263+0000] {manager.py:471} INFO - Checking for new files in /opt/airflow/dags every 300 seconds
[2025-05-12T14:01:54.265+0000] {manager.py:738} INFO - Searching for files in /opt/airflow/dags
[2025-05-12T14:01:54.290+0000] {manager.py:741} INFO - There are 1 files in /opt/airflow/dags
[2025-05-12T14:01:54.472+0000] {manager.py:879} INFO - 
================================================================================
DAG File Processing Stats

File Path                                 PID  Runtime      # DAGs    # Errors  Last Runtime    Last Run
--------------------------------------  -----  ---------  --------  ----------  --------------  ----------
/opt/airflow/dags/nasdaq_report_dag.py    164  0.08s             0           0
================================================================================
[2025-05-12T14:02:24.727+0000] {manager.py:879} INFO - 
================================================================================
DAG File Processing Stats

File Path                                 PID  Runtime      # DAGs    # Errors  Last Runtime    Last Run
--------------------------------------  -----  ---------  --------  ----------  --------------  -------------------
/opt/airflow/dags/nasdaq_report_dag.py    169  0.01s             0           1  0.14s           2025-05-12T14:01:54
================================================================================
[2025-05-12T14:02:54.916+0000] {manager.py:879} INFO - 
================================================================================
DAG File Processing Stats

File Path                               PID    Runtime      # DAGs    # Errors  Last Runtime    Last Run
--------------------------------------  -----  ---------  --------  ----------  --------------  -------------------
/opt/airflow/dags/nasdaq_report_dag.py                           0           1  0.52s           2025-05-12T14:02:25
================================================================================
[2025-05-12T14:03:24.940+0000] {manager.py:879} INFO - 
================================================================================
DAG File Processing Stats

File Path                               PID    Runtime      # DAGs    # Errors  Last Runtime    Last Run
--------------------------------------  -----  ---------  --------  ----------  --------------  -------------------
/opt/airflow/dags/nasdaq_report_dag.py                           0           1  0.16s           2025-05-12T14:02:55
================================================================================
[2025-05-12T14:03:55.226+0000] {manager.py:879} INFO - 
================================================================================
DAG File Processing Stats

File Path                               PID    Runtime      # DAGs    # Errors  Last Runtime    Last Run
--------------------------------------  -----  ---------  --------  ----------  --------------  -------------------
/opt/airflow/dags/nasdaq_report_dag.py                           0           1  0.31s           2025-05-12T14:03:26
================================================================================
[2025-05-12T14:04:25.755+0000] {manager.py:879} INFO - 
================================================================================
DAG File Processing Stats

File Path                               PID    Runtime      # DAGs    # Errors  Last Runtime    Last Run
--------------------------------------  -----  ---------  --------  ----------  --------------  -------------------
/opt/airflow/dags/nasdaq_report_dag.py                           0           1  0.46s           2025-05-12T14:03:56
================================================================================
[2025-05-12T14:04:56.395+0000] {manager.py:879} INFO - 
================================================================================
DAG File Processing Stats

File Path                               PID    Runtime      # DAGs    # Errors  Last Runtime    Last Run
--------------------------------------  -----  ---------  --------  ----------  --------------  -------------------
/opt/airflow/dags/nasdaq_report_dag.py                           0           1  0.12s           2025-05-12T14:04:27
================================================================================
[2025-05-12T14:05:26.741+0000] {manager.py:879} INFO - 
================================================================================
DAG File Processing Stats

File Path                               PID    Runtime      # DAGs    # Errors  Last Runtime    Last Run
--------------------------------------  -----  ---------  --------  ----------  --------------  -------------------
/opt/airflow/dags/nasdaq_report_dag.py                           0           1  0.11s           2025-05-12T14:04:57
================================================================================
[2025-05-12T14:05:57.023+0000] {manager.py:879} INFO - 
================================================================================
DAG File Processing Stats

File Path                               PID    Runtime      # DAGs    # Errors  Last Runtime    Last Run
--------------------------------------  -----  ---------  --------  ----------  --------------  -------------------
/opt/airflow/dags/nasdaq_report_dag.py                           0           1  0.09s           2025-05-12T14:05:27
================================================================================
[2025-05-12T14:06:27.217+0000] {manager.py:879} INFO - 
================================================================================
DAG File Processing Stats

File Path                               PID    Runtime      # DAGs    # Errors  Last Runtime    Last Run
--------------------------------------  -----  ---------  --------  ----------  --------------  -------------------
/opt/airflow/dags/nasdaq_report_dag.py                           0           1  0.09s           2025-05-12T14:05:58
================================================================================
[2025-05-12T14:06:54.405+0000] {manager.py:738} INFO - Searching for files in /opt/airflow/dags
[2025-05-12T14:06:54.430+0000] {manager.py:741} INFO - There are 1 files in /opt/airflow/dags
[2025-05-12T14:06:57.469+0000] {manager.py:879} INFO - 
================================================================================
DAG File Processing Stats

File Path                               PID    Runtime      # DAGs    # Errors  Last Runtime    Last Run
--------------------------------------  -----  ---------  --------  ----------  --------------  -------------------
/opt/airflow/dags/nasdaq_report_dag.py                           0           1  0.09s           2025-05-12T14:06:28
================================================================================
[2025-05-12T14:07:27.703+0000] {manager.py:879} INFO - 
================================================================================
DAG File Processing Stats

File Path                               PID    Runtime      # DAGs    # Errors  Last Runtime    Last Run
--------------------------------------  -----  ---------  --------  ----------  --------------  -------------------
/opt/airflow/dags/nasdaq_report_dag.py                           0           1  0.09s           2025-05-12T14:06:58
================================================================================
[2025-05-12T14:07:57.903+0000] {manager.py:879} INFO - 
================================================================================
DAG File Processing Stats

File Path                               PID    Runtime      # DAGs    # Errors  Last Runtime    Last Run
--------------------------------------  -----  ---------  --------  ----------  --------------  -------------------
/opt/airflow/dags/nasdaq_report_dag.py                           0           1  0.10s           2025-05-12T14:07:28
================================================================================
[2025-05-12T14:08:28.200+0000] {manager.py:879} INFO - 
================================================================================
DAG File Processing Stats

File Path                               PID    Runtime      # DAGs    # Errors  Last Runtime    Last Run
--------------------------------------  -----  ---------  --------  ----------  --------------  -------------------
/opt/airflow/dags/nasdaq_report_dag.py                           0           1  0.09s           2025-05-12T14:07:59
================================================================================
[2025-05-12T14:08:58.695+0000] {manager.py:879} INFO - 
================================================================================
DAG File Processing Stats

File Path                               PID    Runtime      # DAGs    # Errors  Last Runtime    Last Run
--------------------------------------  -----  ---------  --------  ----------  --------------  -------------------
/opt/airflow/dags/nasdaq_report_dag.py                           0           1  0.09s           2025-05-12T14:08:29
================================================================================
[2025-05-12T14:09:29.071+0000] {manager.py:879} INFO - 
================================================================================
DAG File Processing Stats

File Path                               PID    Runtime      # DAGs    # Errors  Last Runtime    Last Run
--------------------------------------  -----  ---------  --------  ----------  --------------  -------------------
/opt/airflow/dags/nasdaq_report_dag.py                           0           1  0.09s           2025-05-12T14:08:59
================================================================================
[2025-05-12T14:09:59.502+0000] {manager.py:879} INFO - 
================================================================================
DAG File Processing Stats

File Path                               PID    Runtime      # DAGs    # Errors  Last Runtime    Last Run
--------------------------------------  -----  ---------  --------  ----------  --------------  -------------------
/opt/airflow/dags/nasdaq_report_dag.py                           0           1  0.10s           2025-05-12T14:09:30
================================================================================
[2025-05-12T14:10:29.888+0000] {manager.py:879} INFO - 
================================================================================
DAG File Processing Stats

File Path                               PID    Runtime      # DAGs    # Errors  Last Runtime    Last Run
--------------------------------------  -----  ---------  --------  ----------  --------------  -------------------
/opt/airflow/dags/nasdaq_report_dag.py                           0           1  0.09s           2025-05-12T14:10:00
================================================================================
[2025-05-12T14:11:00.096+0000] {manager.py:879} INFO - 
================================================================================
DAG File Processing Stats

File Path                               PID    Runtime      # DAGs    # Errors  Last Runtime    Last Run
--------------------------------------  -----  ---------  --------  ----------  --------------  -------------------
/opt/airflow/dags/nasdaq_report_dag.py                           0           1  0.08s           2025-05-12T14:10:30
================================================================================
[2025-05-12T14:11:30.291+0000] {manager.py:879} INFO - 
================================================================================
DAG File Processing Stats

File Path                               PID    Runtime      # DAGs    # Errors  Last Runtime    Last Run
--------------------------------------  -----  ---------  --------  ----------  --------------  -------------------
/opt/airflow/dags/nasdaq_report_dag.py                           0           1  0.09s           2025-05-12T14:11:01
================================================================================
[2025-05-12T14:11:54.461+0000] {manager.py:738} INFO - Searching for files in /opt/airflow/dags
[2025-05-12T14:11:54.486+0000] {manager.py:741} INFO - There are 1 files in /opt/airflow/dags
[2025-05-12T14:12:00.546+0000] {manager.py:879} INFO - 
================================================================================
DAG File Processing Stats

File Path                               PID    Runtime      # DAGs    # Errors  Last Runtime    Last Run
--------------------------------------  -----  ---------  --------  ----------  --------------  -------------------
/opt/airflow/dags/nasdaq_report_dag.py                           0           1  0.10s           2025-05-12T14:11:31
================================================================================
[2025-05-12T14:12:30.967+0000] {manager.py:879} INFO - 
================================================================================
DAG File Processing Stats

File Path                               PID    Runtime      # DAGs    # Errors  Last Runtime    Last Run
--------------------------------------  -----  ---------  --------  ----------  --------------  -------------------
/opt/airflow/dags/nasdaq_report_dag.py                           0           1  0.11s           2025-05-12T14:12:01
================================================================================
[2025-05-12T14:13:01.072+0000] {manager.py:879} INFO - 
================================================================================
DAG File Processing Stats

File Path                               PID    Runtime      # DAGs    # Errors  Last Runtime    Last Run
--------------------------------------  -----  ---------  --------  ----------  --------------  -------------------
/opt/airflow/dags/nasdaq_report_dag.py                           0           1  0.86s           2025-05-12T14:12:32
================================================================================
[2025-05-12T14:13:31.302+0000] {manager.py:879} INFO - 
================================================================================
DAG File Processing Stats

File Path                               PID    Runtime      # DAGs    # Errors  Last Runtime    Last Run
--------------------------------------  -----  ---------  --------  ----------  --------------  -------------------
/opt/airflow/dags/nasdaq_report_dag.py                           0           1  0.10s           2025-05-12T14:13:03
================================================================================
[2025-05-12T14:14:01.629+0000] {manager.py:879} INFO - 
================================================================================
DAG File Processing Stats

File Path                               PID    Runtime      # DAGs    # Errors  Last Runtime    Last Run
--------------------------------------  -----  ---------  --------  ----------  --------------  -------------------
/opt/airflow/dags/nasdaq_report_dag.py                           0           1  0.09s           2025-05-12T14:13:33
================================================================================
[2025-05-12T14:14:31.855+0000] {manager.py:879} INFO - 
================================================================================
DAG File Processing Stats

File Path                               PID    Runtime      # DAGs    # Errors  Last Runtime    Last Run
--------------------------------------  -----  ---------  --------  ----------  --------------  -------------------
/opt/airflow/dags/nasdaq_report_dag.py                           0           1  0.09s           2025-05-12T14:14:03
================================================================================
[2025-05-12T14:15:02.260+0000] {manager.py:879} INFO - 
================================================================================
DAG File Processing Stats

File Path                               PID    Runtime      # DAGs    # Errors  Last Runtime    Last Run
--------------------------------------  -----  ---------  --------  ----------  --------------  -------------------
/opt/airflow/dags/nasdaq_report_dag.py                           0           1  0.09s           2025-05-12T14:14:34
================================================================================
[2025-05-12T16:54:56.662+0000] {manager.py:469} INFO - Processing files using up to 2 processes at a time 
[2025-05-12T16:54:56.664+0000] {manager.py:470} INFO - Process each file at most once every 30 seconds
[2025-05-12T16:54:56.666+0000] {manager.py:471} INFO - Checking for new files in /opt/airflow/dags every 300 seconds
[2025-05-12T16:54:56.668+0000] {manager.py:738} INFO - Searching for files in /opt/airflow/dags
[2025-05-12T16:54:56.704+0000] {manager.py:741} INFO - There are 1 files in /opt/airflow/dags
[2025-05-12T16:54:56.918+0000] {manager.py:879} INFO - 
================================================================================
DAG File Processing Stats

File Path                                 PID  Runtime      # DAGs    # Errors  Last Runtime    Last Run
--------------------------------------  -----  ---------  --------  ----------  --------------  ----------
/opt/airflow/dags/nasdaq_report_dag.py    164  0.09s             0           0
================================================================================
[2025-05-12T16:55:27.170+0000] {manager.py:879} INFO - 
================================================================================
DAG File Processing Stats

File Path                                 PID  Runtime      # DAGs    # Errors  Last Runtime    Last Run
--------------------------------------  -----  ---------  --------  ----------  --------------  -------------------
/opt/airflow/dags/nasdaq_report_dag.py    169  0.00s             0           1  0.14s           2025-05-12T16:54:56
================================================================================
[2025-05-12T16:55:57.402+0000] {manager.py:879} INFO - 
================================================================================
DAG File Processing Stats

File Path                                 PID  Runtime      # DAGs    # Errors  Last Runtime    Last Run
--------------------------------------  -----  ---------  --------  ----------  --------------  -------------------
/opt/airflow/dags/nasdaq_report_dag.py    174  0.01s             0           1  0.12s           2025-05-12T16:55:27
================================================================================
[2025-05-12T16:56:28.101+0000] {manager.py:879} INFO - 
================================================================================
DAG File Processing Stats

File Path                                 PID  Runtime      # DAGs    # Errors  Last Runtime    Last Run
--------------------------------------  -----  ---------  --------  ----------  --------------  -------------------
/opt/airflow/dags/nasdaq_report_dag.py    179  0.01s             0           1  0.15s           2025-05-12T16:55:57
================================================================================
[2025-05-12T16:56:58.589+0000] {manager.py:879} INFO - 
================================================================================
DAG File Processing Stats

File Path                               PID    Runtime      # DAGs    # Errors  Last Runtime    Last Run
--------------------------------------  -----  ---------  --------  ----------  --------------  -------------------
/opt/airflow/dags/nasdaq_report_dag.py                           0           1  0.60s           2025-05-12T16:56:28
================================================================================
[2025-05-12T16:57:29.035+0000] {manager.py:879} INFO - 
================================================================================
DAG File Processing Stats

File Path                               PID    Runtime      # DAGs    # Errors  Last Runtime    Last Run
--------------------------------------  -----  ---------  --------  ----------  --------------  -------------------
/opt/airflow/dags/nasdaq_report_dag.py                           0           1  0.32s           2025-05-12T16:56:59
================================================================================
[2025-05-12T16:58:01.870+0000] {manager.py:879} INFO - 
================================================================================
DAG File Processing Stats

File Path                               PID    Runtime      # DAGs    # Errors  Last Runtime    Last Run
--------------------------------------  -----  ---------  --------  ----------  --------------  -------------------
/opt/airflow/dags/nasdaq_report_dag.py                           0           1  0.66s           2025-05-12T16:57:44
================================================================================
[2025-05-12T16:58:32.974+0000] {manager.py:879} INFO - 
================================================================================
DAG File Processing Stats

File Path                               PID    Runtime      # DAGs    # Errors  Last Runtime    Last Run
--------------------------------------  -----  ---------  --------  ----------  --------------  -------------------
/opt/airflow/dags/nasdaq_report_dag.py                           0           1  7.02s           2025-05-12T16:58:22
================================================================================
[2025-05-12T16:59:04.174+0000] {manager.py:879} INFO - 
================================================================================
DAG File Processing Stats

File Path                               PID    Runtime      # DAGs    # Errors  Last Runtime    Last Run
--------------------------------------  -----  ---------  --------  ----------  --------------  -------------------
/opt/airflow/dags/nasdaq_report_dag.py                           0           1  0.18s           2025-05-12T16:58:52
================================================================================
[2025-05-12T16:59:34.996+0000] {manager.py:879} INFO - 
================================================================================
DAG File Processing Stats

File Path                               PID    Runtime      # DAGs    # Errors  Last Runtime    Last Run
--------------------------------------  -----  ---------  --------  ----------  --------------  -------------------
/opt/airflow/dags/nasdaq_report_dag.py                           0           1  3.98s           2025-05-12T16:59:29
================================================================================
[2025-05-12T16:59:57.382+0000] {manager.py:738} INFO - Searching for files in /opt/airflow/dags
[2025-05-12T16:59:57.562+0000] {manager.py:741} INFO - There are 1 files in /opt/airflow/dags
[2025-05-12T17:00:05.702+0000] {manager.py:879} INFO - 
================================================================================
DAG File Processing Stats

File Path                               PID    Runtime      # DAGs    # Errors  Last Runtime    Last Run
--------------------------------------  -----  ---------  --------  ----------  --------------  -------------------
/opt/airflow/dags/nasdaq_report_dag.py                           0           1  0.12s           2025-05-12T16:59:59
================================================================================
[2025-05-12T17:00:36.011+0000] {manager.py:879} INFO - 
================================================================================
DAG File Processing Stats

File Path                               PID    Runtime      # DAGs    # Errors  Last Runtime    Last Run
--------------------------------------  -----  ---------  --------  ----------  --------------  -------------------
/opt/airflow/dags/nasdaq_report_dag.py                           0           1  0.18s           2025-05-12T17:00:30
================================================================================
[2025-05-12T17:01:06.256+0000] {manager.py:879} INFO - 
================================================================================
DAG File Processing Stats

File Path                               PID    Runtime      # DAGs    # Errors  Last Runtime    Last Run
--------------------------------------  -----  ---------  --------  ----------  --------------  -------------------
/opt/airflow/dags/nasdaq_report_dag.py                           0           1  0.13s           2025-05-12T17:01:00
================================================================================
[2025-05-12T17:01:36.568+0000] {manager.py:879} INFO - 
================================================================================
DAG File Processing Stats

File Path                               PID    Runtime      # DAGs    # Errors  Last Runtime    Last Run
--------------------------------------  -----  ---------  --------  ----------  --------------  -------------------
/opt/airflow/dags/nasdaq_report_dag.py                           0           1  0.11s           2025-05-12T17:01:30
================================================================================
[2025-05-12T17:02:06.578+0000] {manager.py:879} INFO - 
================================================================================
DAG File Processing Stats

File Path                               PID    Runtime      # DAGs    # Errors  Last Runtime    Last Run
--------------------------------------  -----  ---------  --------  ----------  --------------  -------------------
/opt/airflow/dags/nasdaq_report_dag.py                           0           1  0.13s           2025-05-12T17:02:01
================================================================================
[2025-05-12T17:02:36.755+0000] {manager.py:879} INFO - 
================================================================================
DAG File Processing Stats

File Path                               PID    Runtime      # DAGs    # Errors  Last Runtime    Last Run
--------------------------------------  -----  ---------  --------  ----------  --------------  -------------------
/opt/airflow/dags/nasdaq_report_dag.py                           0           1  0.12s           2025-05-12T17:02:31
================================================================================
[2025-05-12T17:03:07.028+0000] {manager.py:879} INFO - 
================================================================================
DAG File Processing Stats

File Path                               PID    Runtime      # DAGs    # Errors  Last Runtime    Last Run
--------------------------------------  -----  ---------  --------  ----------  --------------  -------------------
/opt/airflow/dags/nasdaq_report_dag.py                           0           1  0.15s           2025-05-12T17:03:02
================================================================================
[2025-05-12T17:03:37.379+0000] {manager.py:879} INFO - 
================================================================================
DAG File Processing Stats

File Path                               PID    Runtime      # DAGs    # Errors  Last Runtime    Last Run
--------------------------------------  -----  ---------  --------  ----------  --------------  -------------------
/opt/airflow/dags/nasdaq_report_dag.py                           0           1  0.10s           2025-05-12T17:03:32
================================================================================
[2025-05-12T17:04:07.629+0000] {manager.py:879} INFO - 
================================================================================
DAG File Processing Stats

File Path                               PID    Runtime      # DAGs    # Errors  Last Runtime    Last Run
--------------------------------------  -----  ---------  --------  ----------  --------------  -------------------
/opt/airflow/dags/nasdaq_report_dag.py                           0           1  0.10s           2025-05-12T17:04:02
================================================================================
[2025-05-12T17:04:37.893+0000] {manager.py:879} INFO - 
================================================================================
DAG File Processing Stats

File Path                               PID    Runtime      # DAGs    # Errors  Last Runtime    Last Run
--------------------------------------  -----  ---------  --------  ----------  --------------  -------------------
/opt/airflow/dags/nasdaq_report_dag.py                           0           1  0.10s           2025-05-12T17:04:32
================================================================================
[2025-05-12T17:04:58.023+0000] {manager.py:738} INFO - Searching for files in /opt/airflow/dags
[2025-05-12T17:04:58.126+0000] {manager.py:741} INFO - There are 1 files in /opt/airflow/dags
[2025-05-12T17:05:08.258+0000] {manager.py:879} INFO - 
================================================================================
DAG File Processing Stats

File Path                               PID    Runtime      # DAGs    # Errors  Last Runtime    Last Run
--------------------------------------  -----  ---------  --------  ----------  --------------  -------------------
/opt/airflow/dags/nasdaq_report_dag.py                           0           1  0.10s           2025-05-12T17:05:03
================================================================================
[2025-05-12T17:05:38.526+0000] {manager.py:879} INFO - 
================================================================================
DAG File Processing Stats

File Path                               PID    Runtime      # DAGs    # Errors  Last Runtime    Last Run
--------------------------------------  -----  ---------  --------  ----------  --------------  -------------------
/opt/airflow/dags/nasdaq_report_dag.py                           0           1  0.09s           2025-05-12T17:05:33
================================================================================
[2025-05-12T17:06:08.755+0000] {manager.py:879} INFO - 
================================================================================
DAG File Processing Stats

File Path                               PID    Runtime      # DAGs    # Errors  Last Runtime    Last Run
--------------------------------------  -----  ---------  --------  ----------  --------------  -------------------
/opt/airflow/dags/nasdaq_report_dag.py                           0           1  0.11s           2025-05-12T17:06:03
================================================================================
[2025-05-12T17:06:39.016+0000] {manager.py:879} INFO - 
================================================================================
DAG File Processing Stats

File Path                               PID    Runtime      # DAGs    # Errors  Last Runtime    Last Run
--------------------------------------  -----  ---------  --------  ----------  --------------  -------------------
/opt/airflow/dags/nasdaq_report_dag.py                           0           1  0.11s           2025-05-12T17:06:34
================================================================================
[2025-05-12T17:07:09.311+0000] {manager.py:879} INFO - 
================================================================================
DAG File Processing Stats

File Path                               PID    Runtime      # DAGs    # Errors  Last Runtime    Last Run
--------------------------------------  -----  ---------  --------  ----------  --------------  -------------------
/opt/airflow/dags/nasdaq_report_dag.py                           0           1  0.11s           2025-05-12T17:07:04
================================================================================
[2025-05-12T17:07:22.594+0000] {manager.py:451} INFO - Exiting gracefully upon receiving signal 15
